[2025-11-11T19:04:21.349+0000] {local_task_job_runner.py:123} INFO - ::group::Pre task execution logs
[2025-11-11T19:04:21.371+0000] {taskinstance.py:2612} INFO - Dependencies all met for dep_context=non-requeueable deps ti=<TaskInstance: unified_weather_energy_pipeline.regular_weather_update_6h manual__2025-11-11T19:04:17.532390+00:00 [queued]>
[2025-11-11T19:04:21.381+0000] {taskinstance.py:2612} INFO - Dependencies all met for dep_context=requeueable deps ti=<TaskInstance: unified_weather_energy_pipeline.regular_weather_update_6h manual__2025-11-11T19:04:17.532390+00:00 [queued]>
[2025-11-11T19:04:21.382+0000] {taskinstance.py:2865} INFO - Starting attempt 1 of 3
[2025-11-11T19:04:21.395+0000] {taskinstance.py:2888} INFO - Executing <Task(BashOperator): regular_weather_update_6h> on 2025-11-11 19:04:17.532390+00:00
[2025-11-11T19:04:21.405+0000] {standard_task_runner.py:104} INFO - Running: ['airflow', 'tasks', 'run', 'unified_weather_energy_pipeline', 'regular_weather_update_6h', 'manual__2025-11-11T19:04:17.532390+00:00', '--job-id', '15', '--raw', '--subdir', 'DAGS_FOLDER/weather_energy_dag.py', '--cfg-path', '/tmp/tmpl09gspf6']
[2025-11-11T19:04:21.409+0000] {standard_task_runner.py:105} INFO - Job 15: Subtask regular_weather_update_6h
[2025-11-11T19:04:21.410+0000] {logging_mixin.py:190} WARNING - /home/airflow/.local/lib/python3.12/site-packages/airflow/task/task_runner/standard_task_runner.py:70 DeprecationWarning: This process (pid=1243) is multi-threaded, use of fork() may lead to deadlocks in the child.
[2025-11-11T19:04:21.410+0000] {standard_task_runner.py:72} INFO - Started process 1244 to run task
[2025-11-11T19:04:21.472+0000] {task_command.py:467} INFO - Running <TaskInstance: unified_weather_energy_pipeline.regular_weather_update_6h manual__2025-11-11T19:04:17.532390+00:00 [running]> on host 3962d829321f
[2025-11-11T19:04:21.581+0000] {taskinstance.py:3131} INFO - Exporting env vars: AIRFLOW_CTX_DAG_OWNER='hamza' AIRFLOW_CTX_DAG_ID='unified_weather_energy_pipeline' AIRFLOW_CTX_TASK_ID='regular_weather_update_6h' AIRFLOW_CTX_EXECUTION_DATE='2025-11-11T19:04:17.532390+00:00' AIRFLOW_CTX_TRY_NUMBER='1' AIRFLOW_CTX_DAG_RUN_ID='manual__2025-11-11T19:04:17.532390+00:00'
[2025-11-11T19:04:21.583+0000] {taskinstance.py:731} INFO - ::endgroup::
[2025-11-11T19:04:21.600+0000] {subprocess.py:63} INFO - Tmp dir root location: /tmp
[2025-11-11T19:04:21.602+0000] {subprocess.py:75} INFO - Running command: ['/usr/bin/bash', '-c', 'cd /opt/airflow && PYTHONPATH=/opt/airflow python -m src.pipeline.generator.weather_forecasting']
[2025-11-11T19:04:21.613+0000] {subprocess.py:86} INFO - Output:
[2025-11-11T19:04:27.134+0000] {subprocess.py:93} INFO - Traceback (most recent call last):
[2025-11-11T19:04:27.134+0000] {subprocess.py:93} INFO -   File "/home/airflow/.local/lib/python3.12/site-packages/urllib3/connection.py", line 196, in _new_conn
[2025-11-11T19:04:27.135+0000] {subprocess.py:93} INFO -     sock = connection.create_connection(
[2025-11-11T19:04:27.135+0000] {subprocess.py:93} INFO -            ^^^^^^^^^^^^^^^^^^^^^^^^^^^^^
[2025-11-11T19:04:27.135+0000] {subprocess.py:93} INFO -   File "/home/airflow/.local/lib/python3.12/site-packages/urllib3/util/connection.py", line 60, in create_connection
[2025-11-11T19:04:27.136+0000] {subprocess.py:93} INFO -     for res in socket.getaddrinfo(host, port, family, socket.SOCK_STREAM):
[2025-11-11T19:04:27.136+0000] {subprocess.py:93} INFO -                ^^^^^^^^^^^^^^^^^^^^^^^^^^^^^^^^^^^^^^^^^^^^^^^^^^^^^^^^^^
[2025-11-11T19:04:27.136+0000] {subprocess.py:93} INFO -   File "/usr/local/lib/python3.12/socket.py", line 976, in getaddrinfo
[2025-11-11T19:04:27.137+0000] {subprocess.py:93} INFO -     for res in _socket.getaddrinfo(host, port, family, type, proto, flags):
[2025-11-11T19:04:27.138+0000] {subprocess.py:93} INFO -                ^^^^^^^^^^^^^^^^^^^^^^^^^^^^^^^^^^^^^^^^^^^^^^^^^^^^^^^^^^^
[2025-11-11T19:04:27.138+0000] {subprocess.py:93} INFO - socket.gaierror: [Errno -5] No address associated with hostname
[2025-11-11T19:04:27.139+0000] {subprocess.py:93} INFO - 
[2025-11-11T19:04:27.139+0000] {subprocess.py:93} INFO - The above exception was the direct cause of the following exception:
[2025-11-11T19:04:27.140+0000] {subprocess.py:93} INFO - 
[2025-11-11T19:04:27.140+0000] {subprocess.py:93} INFO - Traceback (most recent call last):
[2025-11-11T19:04:27.140+0000] {subprocess.py:93} INFO -   File "/home/airflow/.local/lib/python3.12/site-packages/urllib3/connectionpool.py", line 789, in urlopen
[2025-11-11T19:04:27.141+0000] {subprocess.py:93} INFO -     response = self._make_request(
[2025-11-11T19:04:27.141+0000] {subprocess.py:93} INFO -                ^^^^^^^^^^^^^^^^^^^
[2025-11-11T19:04:27.141+0000] {subprocess.py:93} INFO -   File "/home/airflow/.local/lib/python3.12/site-packages/urllib3/connectionpool.py", line 490, in _make_request
[2025-11-11T19:04:27.142+0000] {subprocess.py:93} INFO -     raise new_e
[2025-11-11T19:04:27.142+0000] {subprocess.py:93} INFO -   File "/home/airflow/.local/lib/python3.12/site-packages/urllib3/connectionpool.py", line 466, in _make_request
[2025-11-11T19:04:27.142+0000] {subprocess.py:93} INFO -     self._validate_conn(conn)
[2025-11-11T19:04:27.143+0000] {subprocess.py:93} INFO -   File "/home/airflow/.local/lib/python3.12/site-packages/urllib3/connectionpool.py", line 1095, in _validate_conn
[2025-11-11T19:04:27.143+0000] {subprocess.py:93} INFO -     conn.connect()
[2025-11-11T19:04:27.143+0000] {subprocess.py:93} INFO -   File "/home/airflow/.local/lib/python3.12/site-packages/urllib3/connection.py", line 615, in connect
[2025-11-11T19:04:27.144+0000] {subprocess.py:93} INFO -     self.sock = sock = self._new_conn()
[2025-11-11T19:04:27.145+0000] {subprocess.py:93} INFO -                        ^^^^^^^^^^^^^^^^
[2025-11-11T19:04:27.145+0000] {subprocess.py:93} INFO -   File "/home/airflow/.local/lib/python3.12/site-packages/urllib3/connection.py", line 203, in _new_conn
[2025-11-11T19:04:27.146+0000] {subprocess.py:93} INFO -     raise NameResolutionError(self.host, self, e) from e
[2025-11-11T19:04:27.146+0000] {subprocess.py:93} INFO - urllib3.exceptions.NameResolutionError: <urllib3.connection.HTTPSConnection object at 0x721be4efe4b0>: Failed to resolve 'archive-api.open-meteo.com' ([Errno -5] No address associated with hostname)
[2025-11-11T19:04:27.147+0000] {subprocess.py:93} INFO - 
[2025-11-11T19:04:27.147+0000] {subprocess.py:93} INFO - The above exception was the direct cause of the following exception:
[2025-11-11T19:04:27.147+0000] {subprocess.py:93} INFO - 
[2025-11-11T19:04:27.148+0000] {subprocess.py:93} INFO - Traceback (most recent call last):
[2025-11-11T19:04:27.148+0000] {subprocess.py:93} INFO -   File "/home/airflow/.local/lib/python3.12/site-packages/requests/adapters.py", line 667, in send
[2025-11-11T19:04:27.148+0000] {subprocess.py:93} INFO -     resp = conn.urlopen(
[2025-11-11T19:04:27.149+0000] {subprocess.py:93} INFO -            ^^^^^^^^^^^^^
[2025-11-11T19:04:27.149+0000] {subprocess.py:93} INFO -   File "/home/airflow/.local/lib/python3.12/site-packages/urllib3/connectionpool.py", line 843, in urlopen
[2025-11-11T19:04:27.150+0000] {subprocess.py:93} INFO -     retries = retries.increment(
[2025-11-11T19:04:27.150+0000] {subprocess.py:93} INFO -               ^^^^^^^^^^^^^^^^^^
[2025-11-11T19:04:27.150+0000] {subprocess.py:93} INFO -   File "/home/airflow/.local/lib/python3.12/site-packages/urllib3/util/retry.py", line 519, in increment
[2025-11-11T19:04:27.151+0000] {subprocess.py:93} INFO -     raise MaxRetryError(_pool, url, reason) from reason  # type: ignore[arg-type]
[2025-11-11T19:04:27.151+0000] {subprocess.py:93} INFO -     ^^^^^^^^^^^^^^^^^^^^^^^^^^^^^^^^^^^^^^^^^^^^^^^^^^^
[2025-11-11T19:04:27.152+0000] {subprocess.py:93} INFO - urllib3.exceptions.MaxRetryError: HTTPSConnectionPool(host='archive-api.open-meteo.com', port=443): Max retries exceeded with url: /v1/archive?latitude=33.5731&longitude=-7.5898&start_date=2024-01-01&end_date=2025-11-11&hourly=temperature_2m&hourly=relativehumidity_2m&hourly=precipitation&hourly=precipitation_probability&hourly=weathercode&hourly=windspeed_10m&hourly=winddirection_10m&hourly=pressure_msl&hourly=cloudcover&hourly=shortwave_radiation&timezone=Africa%2FCasablanca (Caused by NameResolutionError("<urllib3.connection.HTTPSConnection object at 0x721be4efe4b0>: Failed to resolve 'archive-api.open-meteo.com' ([Errno -5] No address associated with hostname)"))
[2025-11-11T19:04:27.153+0000] {subprocess.py:93} INFO - 
[2025-11-11T19:04:27.153+0000] {subprocess.py:93} INFO - During handling of the above exception, another exception occurred:
[2025-11-11T19:04:27.153+0000] {subprocess.py:93} INFO - 
[2025-11-11T19:04:27.154+0000] {subprocess.py:93} INFO - Traceback (most recent call last):
[2025-11-11T19:04:27.154+0000] {subprocess.py:93} INFO -   File "<frozen runpy>", line 198, in _run_module_as_main
[2025-11-11T19:04:27.154+0000] {subprocess.py:93} INFO -   File "<frozen runpy>", line 88, in _run_code
[2025-11-11T19:04:27.155+0000] {subprocess.py:93} INFO -   File "/opt/airflow/src/pipeline/generator/weather_forecasting.py", line 397, in <module>
[2025-11-11T19:04:27.155+0000] {subprocess.py:93} INFO -     get_hourly_weather_forecast()
[2025-11-11T19:04:27.156+0000] {subprocess.py:93} INFO -   File "/opt/airflow/src/pipeline/generator/weather_forecasting.py", line 323, in get_hourly_weather_forecast
[2025-11-11T19:04:27.156+0000] {subprocess.py:93} INFO -     _ensure_history_coverage()
[2025-11-11T19:04:27.157+0000] {subprocess.py:93} INFO -   File "/opt/airflow/src/pipeline/generator/weather_forecasting.py", line 289, in _ensure_history_coverage
[2025-11-11T19:04:27.157+0000] {subprocess.py:93} INFO -     _fetch_history_and_load(START_HISTORY_DATE, history_end)
[2025-11-11T19:04:27.158+0000] {subprocess.py:93} INFO -   File "/opt/airflow/src/pipeline/generator/weather_forecasting.py", line 115, in _fetch_history_and_load
[2025-11-11T19:04:27.158+0000] {subprocess.py:93} INFO -     response = requests.get(ARCHIVE_URL, params=params)
[2025-11-11T19:04:27.159+0000] {subprocess.py:93} INFO -                ^^^^^^^^^^^^^^^^^^^^^^^^^^^^^^^^^^^^^^^^
[2025-11-11T19:04:27.160+0000] {subprocess.py:93} INFO -   File "/home/airflow/.local/lib/python3.12/site-packages/requests/api.py", line 73, in get
[2025-11-11T19:04:27.160+0000] {subprocess.py:93} INFO -     return request("get", url, params=params, **kwargs)
[2025-11-11T19:04:27.161+0000] {subprocess.py:93} INFO -            ^^^^^^^^^^^^^^^^^^^^^^^^^^^^^^^^^^^^^^^^^^^^
[2025-11-11T19:04:27.161+0000] {subprocess.py:93} INFO -   File "/home/airflow/.local/lib/python3.12/site-packages/requests/api.py", line 59, in request
[2025-11-11T19:04:27.162+0000] {subprocess.py:93} INFO -     return session.request(method=method, url=url, **kwargs)
[2025-11-11T19:04:27.162+0000] {subprocess.py:93} INFO -            ^^^^^^^^^^^^^^^^^^^^^^^^^^^^^^^^^^^^^^^^^^^^^^^^^
[2025-11-11T19:04:27.163+0000] {subprocess.py:93} INFO -   File "/home/airflow/.local/lib/python3.12/site-packages/requests/sessions.py", line 589, in request
[2025-11-11T19:04:27.163+0000] {subprocess.py:93} INFO -     resp = self.send(prep, **send_kwargs)
[2025-11-11T19:04:27.164+0000] {subprocess.py:93} INFO -            ^^^^^^^^^^^^^^^^^^^^^^^^^^^^^^
[2025-11-11T19:04:27.164+0000] {subprocess.py:93} INFO -   File "/home/airflow/.local/lib/python3.12/site-packages/requests/sessions.py", line 703, in send
[2025-11-11T19:04:27.165+0000] {subprocess.py:93} INFO -     r = adapter.send(request, **kwargs)
[2025-11-11T19:04:27.166+0000] {subprocess.py:93} INFO -         ^^^^^^^^^^^^^^^^^^^^^^^^^^^^^^^
[2025-11-11T19:04:27.166+0000] {subprocess.py:93} INFO -   File "/home/airflow/.local/lib/python3.12/site-packages/requests/adapters.py", line 700, in send
[2025-11-11T19:04:27.167+0000] {subprocess.py:93} INFO -     raise ConnectionError(e, request=request)
[2025-11-11T19:04:27.167+0000] {subprocess.py:93} INFO - requests.exceptions.ConnectionError: HTTPSConnectionPool(host='archive-api.open-meteo.com', port=443): Max retries exceeded with url: /v1/archive?latitude=33.5731&longitude=-7.5898&start_date=2024-01-01&end_date=2025-11-11&hourly=temperature_2m&hourly=relativehumidity_2m&hourly=precipitation&hourly=precipitation_probability&hourly=weathercode&hourly=windspeed_10m&hourly=winddirection_10m&hourly=pressure_msl&hourly=cloudcover&hourly=shortwave_radiation&timezone=Africa%2FCasablanca (Caused by NameResolutionError("<urllib3.connection.HTTPSConnection object at 0x721be4efe4b0>: Failed to resolve 'archive-api.open-meteo.com' ([Errno -5] No address associated with hostname)"))
[2025-11-11T19:04:27.168+0000] {subprocess.py:93} INFO - 
[2025-11-11T19:04:27.168+0000] {subprocess.py:93} INFO - ================================================================================
[2025-11-11T19:04:27.169+0000] {subprocess.py:93} INFO - üîé V√âRIFICATION COVERAGE HISTORIQUE 2024-01-01 00:00:00 ‚Üí 2025-11-11 23:00:00
[2025-11-11T19:04:27.169+0000] {subprocess.py:93} INFO - ================================================================================
[2025-11-11T19:04:27.169+0000] {subprocess.py:93} INFO - üìâ Existing MIN timestamp: None
[2025-11-11T19:04:27.170+0000] {subprocess.py:93} INFO - üìà Existing MAX timestamp: None
[2025-11-11T19:04:27.170+0000] {subprocess.py:93} INFO - ‚ö†Ô∏è Aucun historique trouv√©, backfill complet‚Ä¶
[2025-11-11T19:04:27.171+0000] {subprocess.py:93} INFO - 
[2025-11-11T19:04:27.171+0000] {subprocess.py:93} INFO - ================================================================================
[2025-11-11T19:04:27.172+0000] {subprocess.py:93} INFO - üìö BACKFILL HISTORIQUE 2024-01-01 00:00:00 ‚Üí 2025-11-11 23:00:00
[2025-11-11T19:04:27.173+0000] {subprocess.py:93} INFO - ================================================================================
[2025-11-11T19:04:27.174+0000] {subprocess.py:93} INFO - ‚ùå Erreur HTTP lors d'un appel Open-Meteo: HTTPSConnectionPool(host='archive-api.open-meteo.com', port=443): Max retries exceeded with url: /v1/archive?latitude=33.5731&longitude=-7.5898&start_date=2024-01-01&end_date=2025-11-11&hourly=temperature_2m&hourly=relativehumidity_2m&hourly=precipitation&hourly=precipitation_probability&hourly=weathercode&hourly=windspeed_10m&hourly=winddirection_10m&hourly=pressure_msl&hourly=cloudcover&hourly=shortwave_radiation&timezone=Africa%2FCasablanca (Caused by NameResolutionError("<urllib3.connection.HTTPSConnection object at 0x721be4efe4b0>: Failed to resolve 'archive-api.open-meteo.com' ([Errno -5] No address associated with hostname)"))
[2025-11-11T19:04:27.301+0000] {subprocess.py:97} INFO - Command exited with return code 1
[2025-11-11T19:04:27.318+0000] {taskinstance.py:3310} ERROR - Task failed with exception
Traceback (most recent call last):
  File "/home/airflow/.local/lib/python3.12/site-packages/airflow/models/taskinstance.py", line 762, in _execute_task
    result = _execute_callable(context=context, **execute_callable_kwargs)
             ^^^^^^^^^^^^^^^^^^^^^^^^^^^^^^^^^^^^^^^^^^^^^^^^^^^^^^^^^^^^^
  File "/home/airflow/.local/lib/python3.12/site-packages/airflow/models/taskinstance.py", line 733, in _execute_callable
    return ExecutionCallableRunner(
           ^^^^^^^^^^^^^^^^^^^^^^^^
  File "/home/airflow/.local/lib/python3.12/site-packages/airflow/utils/operator_helpers.py", line 252, in run
    return self.func(*args, **kwargs)
           ^^^^^^^^^^^^^^^^^^^^^^^^^^
  File "/home/airflow/.local/lib/python3.12/site-packages/airflow/models/baseoperator.py", line 406, in wrapper
    return func(self, *args, **kwargs)
           ^^^^^^^^^^^^^^^^^^^^^^^^^^^
  File "/home/airflow/.local/lib/python3.12/site-packages/airflow/operators/bash.py", line 249, in execute
    raise AirflowException(
airflow.exceptions.AirflowException: Bash command failed. The command returned a non-zero exit code 1.
[2025-11-11T19:04:27.335+0000] {taskinstance.py:1225} INFO - Marking task as UP_FOR_RETRY. dag_id=unified_weather_energy_pipeline, task_id=regular_weather_update_6h, run_id=manual__2025-11-11T19:04:17.532390+00:00, execution_date=20251111T190417, start_date=20251111T190421, end_date=20251111T190427
[2025-11-11T19:04:27.359+0000] {taskinstance.py:340} INFO - ::group::Post task execution logs
[2025-11-11T19:04:27.360+0000] {standard_task_runner.py:124} ERROR - Failed to execute job 15 for task regular_weather_update_6h (Bash command failed. The command returned a non-zero exit code 1.; 1244)
Traceback (most recent call last):
  File "/home/airflow/.local/lib/python3.12/site-packages/airflow/task/task_runner/standard_task_runner.py", line 117, in _start_by_fork
    ret = args.func(args, dag=self.dag)
          ^^^^^^^^^^^^^^^^^^^^^^^^^^^^^
  File "/home/airflow/.local/lib/python3.12/site-packages/airflow/cli/cli_config.py", line 49, in command
    return func(*args, **kwargs)
           ^^^^^^^^^^^^^^^^^^^^^
  File "/home/airflow/.local/lib/python3.12/site-packages/airflow/utils/cli.py", line 115, in wrapper
    return f(*args, **kwargs)
           ^^^^^^^^^^^^^^^^^^
  File "/home/airflow/.local/lib/python3.12/site-packages/airflow/cli/commands/task_command.py", line 483, in task_run
    task_return_code = _run_task_by_selected_method(args, _dag, ti)
                       ^^^^^^^^^^^^^^^^^^^^^^^^^^^^^^^^^^^^^^^^^^^^
  File "/home/airflow/.local/lib/python3.12/site-packages/airflow/cli/commands/task_command.py", line 256, in _run_task_by_selected_method
    return _run_raw_task(args, ti)
           ^^^^^^^^^^^^^^^^^^^^^^^
  File "/home/airflow/.local/lib/python3.12/site-packages/airflow/cli/commands/task_command.py", line 341, in _run_raw_task
    return ti._run_raw_task(
           ^^^^^^^^^^^^^^^^^
  File "/home/airflow/.local/lib/python3.12/site-packages/airflow/utils/session.py", line 97, in wrapper
    return func(*args, session=session, **kwargs)
           ^^^^^^^^^^^^^^^^^^^^^^^^^^^^^^^^^^^^^^
  File "/home/airflow/.local/lib/python3.12/site-packages/airflow/models/taskinstance.py", line 3004, in _run_raw_task
    return _run_raw_task(
           ^^^^^^^^^^^^^^
  File "/home/airflow/.local/lib/python3.12/site-packages/airflow/models/taskinstance.py", line 273, in _run_raw_task
    TaskInstance._execute_task_with_callbacks(
  File "/home/airflow/.local/lib/python3.12/site-packages/airflow/models/taskinstance.py", line 3158, in _execute_task_with_callbacks
    result = self._execute_task(context, task_orig)
             ^^^^^^^^^^^^^^^^^^^^^^^^^^^^^^^^^^^^^^
  File "/home/airflow/.local/lib/python3.12/site-packages/airflow/models/taskinstance.py", line 3182, in _execute_task
    return _execute_task(self, context, task_orig)
           ^^^^^^^^^^^^^^^^^^^^^^^^^^^^^^^^^^^^^^^
  File "/home/airflow/.local/lib/python3.12/site-packages/airflow/models/taskinstance.py", line 762, in _execute_task
    result = _execute_callable(context=context, **execute_callable_kwargs)
             ^^^^^^^^^^^^^^^^^^^^^^^^^^^^^^^^^^^^^^^^^^^^^^^^^^^^^^^^^^^^^
  File "/home/airflow/.local/lib/python3.12/site-packages/airflow/models/taskinstance.py", line 733, in _execute_callable
    return ExecutionCallableRunner(
           ^^^^^^^^^^^^^^^^^^^^^^^^
  File "/home/airflow/.local/lib/python3.12/site-packages/airflow/utils/operator_helpers.py", line 252, in run
    return self.func(*args, **kwargs)
           ^^^^^^^^^^^^^^^^^^^^^^^^^^
  File "/home/airflow/.local/lib/python3.12/site-packages/airflow/models/baseoperator.py", line 406, in wrapper
    return func(self, *args, **kwargs)
           ^^^^^^^^^^^^^^^^^^^^^^^^^^^
  File "/home/airflow/.local/lib/python3.12/site-packages/airflow/operators/bash.py", line 249, in execute
    raise AirflowException(
airflow.exceptions.AirflowException: Bash command failed. The command returned a non-zero exit code 1.
[2025-11-11T19:04:27.411+0000] {local_task_job_runner.py:266} INFO - Task exited with return code 1
[2025-11-11T19:04:27.444+0000] {taskinstance.py:3900} INFO - 0 downstream tasks scheduled from follow-on schedule check
[2025-11-11T19:04:27.446+0000] {local_task_job_runner.py:245} INFO - ::endgroup::
